<?xml version="1.0" encoding="UTF-8"?>
<testsuite xmlns:xsi="http://www.w3.org/2001/XMLSchema-instance" xsi:noNamespaceSchemaLocation="https://maven.apache.org/surefire/maven-surefire-plugin/xsd/surefire-test-report-3.0.xsd" version="3.0" name="exercicioPetStore.PetMachineTest" time="0.09" tests="7" errors="0" skipped="0" failures="0">
  <properties>
[...]
</properties>
  <testcase name="refillWaterAndShampooTest" classname="exercicioPetStore.PetMachineTest" time="0.015">
    <system-out><![CDATA[Shampoo e água foram repostos!
]]></system-out>
  </testcase>
  <testcase name="putPetInsideMachineTest" classname="exercicioPetStore.PetMachineTest" time="0.003">
    <system-out><![CDATA[Cão está dentro da máquina!
]]></system-out>
  </testcase>
  <testcase name="checkWaterAndShampooLevels" classname="exercicioPetStore.PetMachineTest" time="0.002">
    <system-out><![CDATA[Shampoo e água foram repostos!
A máquina foi limpa!
Nível da água: 28 nível do shampoo: 9
A máquina foi limpa!
Nível da água: 26 nível do shampoo: 8
A máquina foi limpa!
Nível da água: 24 nível do shampoo: 7
A máquina foi limpa!
Nível da água: 22 nível do shampoo: 6
A máquina foi limpa!
Nível da água: 20 nível do shampoo: 5
A máquina foi limpa!
Nível da água: 18 nível do shampoo: 4
A máquina foi limpa!
Nível da água: 16 nível do shampoo: 3
A máquina foi limpa!
Nível da água: 14 nível do shampoo: 2
A máquina foi limpa!
Nível da água: 12 nível do shampoo: 1
A máquina foi limpa!
Nível da água: 10 nível do shampoo: 0
Não há água ou shampoo suficientes.
Não há água ou shampoo suficientes.
]]></system-out>
  </testcase>
  <testcase name="initialState" classname="exercicioPetStore.PetMachineTest" time="0.007"/>
  <testcase name="takePetFromMachine" classname="exercicioPetStore.PetMachineTest" time="0.002">
    <system-out><![CDATA[Cão está dentro da máquina!
Cão foi retirado da máquina!
]]></system-out>
  </testcase>
  <testcase name="cleanPet" classname="exercicioPetStore.PetMachineTest" time="0.002">
    <system-out><![CDATA[Não há pet dentro da máquina.
Shampoo e água foram repostos!
A máquina foi limpa!
Nível da água: 28 nível do shampoo: 9
Cão está dentro da máquina!
Cão foi limpo!
Nível da água: 18 nível do shampoo: 7
]]></system-out>
  </testcase>
  <testcase name="cleanMachineTest" classname="exercicioPetStore.PetMachineTest" time="0.002">
    <system-out><![CDATA[Não há água ou shampoo suficientes.
Cão está dentro da máquina!
Há um pet dentro da máquina.
Cão foi retirado da máquina!
Shampoo e água foram repostos!
A máquina foi limpa!
Nível da água: 28 nível do shampoo: 9
]]></system-out>
  </testcase>
</testsuite>